<?xml version="1.0" encoding="UTF-8"?>

<beans xmlns="http://www.springframework.org/schema/beans"
       xmlns:xsi="http://www.w3.org/2001/XMLSchema-instance"
       xsi:schemaLocation="http://www.springframework.org/schema/beans
    http://www.springframework.org/schema/beans/spring-beans.xsd">

    <bean id="savingAccount1" class="com.luxoft.bankapp.model.SavingAccount">
        <constructor-arg name="initialBalance" value="1000"/>
    </bean>

    <bean id="checkingAccount1" class="com.luxoft.bankapp.model.CheckingAccount">
        <constructor-arg name="overdraft" value="1000"/>
    </bean>

    <bean id="client1" class="com.luxoft.bankapp.model.Client">

        <constructor-arg name="name" value="Jonny Bravo"/>
        <constructor-arg name="gender" value="MALE"/>

        <property name="repository" ref="repository"/>

        <property name="city" value="Moscow"/>

        <property name="accounts">
            <set>
                <ref bean="savingAccount1"/>
                <ref bean="checkingAccount1"/>
            </set>
        </property>
    </bean>
</beans>
